<?xml version="1.0" encoding="UTF-8"?>
<testng-results skipped="0" failed="0" ignored="0" total="5" passed="5">
  <reporter-output>
  </reporter-output>
  <suite name="Suite" duration-ms="70071" started-at="2022-07-22T17:45:43 IST" finished-at="2022-07-22T17:46:53 IST">
    <groups>
    </groups>
    <test name="Test" duration-ms="70071" started-at="2022-07-22T17:45:43 IST" finished-at="2022-07-22T17:46:53 IST">
      <class name="forJanam.forJanam">
        <test-method status="PASS" signature="TestEmployee1login()[pri:2, instance:forJanam.forJanam@10b40af]" name="TestEmployee1login" duration-ms="9427" started-at="2022-07-22T17:45:43 IST" finished-at="2022-07-22T17:45:52 IST">
          <reporter-output>
          </reporter-output>
        </test-method> <!-- TestEmployee1login -->
        <test-method status="PASS" signature="NAvigatetoPOS()[pri:1, instance:forJanam.forJanam@10b40af]" name="NAvigatetoPOS" duration-ms="12456" started-at="2022-07-22T17:45:52 IST" depends-on-methods="forJanam.forJanam.TestEmployee1login" finished-at="2022-07-22T17:46:05 IST">
          <reporter-output>
          </reporter-output>
        </test-method> <!-- NAvigatetoPOS -->
        <test-method status="PASS" signature="AddProducts()[pri:3, instance:forJanam.forJanam@10b40af]" name="AddProducts" duration-ms="16081" started-at="2022-07-22T17:46:05 IST" depends-on-methods="forJanam.forJanam.NAvigatetoPOS" finished-at="2022-07-22T17:46:21 IST">
          <reporter-output>
          </reporter-output>
        </test-method> <!-- AddProducts -->
        <test-method status="PASS" signature="AddProducts()[pri:3, instance:forJanam.forJanam@10b40af]" name="AddProducts" duration-ms="16025" started-at="2022-07-22T17:46:21 IST" depends-on-methods="forJanam.forJanam.NAvigatetoPOS" finished-at="2022-07-22T17:46:37 IST">
          <reporter-output>
          </reporter-output>
        </test-method> <!-- AddProducts -->
        <test-method status="PASS" signature="AddProducts()[pri:3, instance:forJanam.forJanam@10b40af]" name="AddProducts" duration-ms="16036" started-at="2022-07-22T17:46:37 IST" depends-on-methods="forJanam.forJanam.NAvigatetoPOS" finished-at="2022-07-22T17:46:53 IST">
          <reporter-output>
          </reporter-output>
        </test-method> <!-- AddProducts -->
      </class> <!-- forJanam.forJanam -->
    </test> <!-- Test -->
  </suite> <!-- Suite -->
</testng-results>
