<?xml version="1.0" encoding="UTF-8"?>
<testng-results skipped="0" failed="0" ignored="0" total="1" passed="1">
  <reporter-output>
  </reporter-output>
  <suite name="Default suite" duration-ms="96655" started-at="2022-03-08T10:47:36 IST" finished-at="2022-03-08T10:49:13 IST">
    <groups>
    </groups>
    <test name="Default test" duration-ms="96655" started-at="2022-03-08T10:47:36 IST" finished-at="2022-03-08T10:49:13 IST">
      <class name="vasy.NewAgent">
        <test-method status="PASS" signature="TestAgent()[pri:0, instance:vasy.NewAgent@13a4b84]" name="TestAgent" duration-ms="96617" started-at="2022-03-08T10:47:36 IST" finished-at="2022-03-08T10:49:13 IST">
          <reporter-output>
          </reporter-output>
        </test-method> <!-- TestAgent -->
      </class> <!-- vasy.NewAgent -->
    </test> <!-- Default test -->
  </suite> <!-- Default suite -->
</testng-results>
