<?xml version="1.0" encoding="UTF-8"?>
<!-- Generated by org.testng.reporters.JUnitXMLReporter -->
<testsuite hostname="DESKTOP-1HSMVSN" ignored="0" name="Test" tests="5" failures="0" timestamp="2022-07-22T17:46:53 IST" time="70.071" errors="0">
  <testcase name="TestEmployee1login" time="9.427" classname="forJanam.forJanam"/>
  <testcase name="NAvigatetoPOS" time="12.456" classname="forJanam.forJanam"/>
  <testcase name="AddProducts" time="16.081" classname="forJanam.forJanam"/>
  <testcase name="AddProducts" time="16.025" classname="forJanam.forJanam"/>
  <testcase name="AddProducts" time="16.036" classname="forJanam.forJanam"/>
</testsuite> <!-- Test -->
